<?xml version="1.0" encoding="UTF-8"?>
<!-- Generated by org.testng.reporters.JUnitReportReporter -->
<testsuite hostname="Amarendra" name="biocept.qa.testcases.Dummy" tests="1" failures="0" timestamp="25 Aug 2019 18:06:58 GMT" time="0.016" errors="0">
  <testcase name="f" time="0.016" classname="biocept.qa.testcases.Dummy"/>
</testsuite> <!-- biocept.qa.testcases.Dummy -->
