<?xml version="1.0" encoding="UTF-8"?>
<!-- Generated by org.testng.reporters.JUnitReportReporter -->
<testsuite hostname="Amarendra" name="biocept.qa.testcases.CTC_FISHWorklow" tests="52" failures="0" timestamp="24 Aug 2019 05:07:36 GMT" time="663.541" errors="0">
  <testcase name="GenerateSmallLabel" time="0.008" classname="biocept.qa.testcases.CTC_FISHWorklow"/>
  <testcase name="QAReportingWorklistTitle" time="2.487" classname="biocept.qa.testcases.CTC_FISHWorklow"/>
  <testcase name="AssignProfessionalWorkToBiocept" time="20.034" classname="biocept.qa.testcases.CTC_FISHWorklow"/>
  <testcase name="CTCICCResultsSummary" time="10.516" classname="biocept.qa.testcases.CTC_FISHWorklow"/>
  <testcase name="CompletedWorklist" time="12.936" classname="biocept.qa.testcases.CTC_FISHWorklow"/>
  <testcase name="MyWorklistTitle" time="4.641" classname="biocept.qa.testcases.CTC_FISHWorklow"/>
  <testcase name="MemsBatchingActivityTitle" time="10.063" classname="biocept.qa.testcases.CTC_FISHWorklow"/>
  <testcase name="CellCepProcessing" time="18.524" classname="biocept.qa.testcases.CTC_FISHWorklow"/>
  <testcase name="FISHResultsSummary" time="9.048" classname="biocept.qa.testcases.CTC_FISHWorklow"/>
  <testcase name="QCComplete" time="10.364" classname="biocept.qa.testcases.CTC_FISHWorklow"/>
  <testcase name="CTC_FISH_SummaryReport" time="0.010" classname="biocept.qa.testcases.CTC_FISHWorklow"/>
  <testcase name="GenerateMolecularLabel" time="0.009" classname="biocept.qa.testcases.CTC_FISHWorklow"/>
  <testcase name="LIMSLogin" time="11.362" classname="biocept.qa.testcases.CTC_FISHWorklow"/>
  <testcase name="GenerateLongLabel" time="0.008" classname="biocept.qa.testcases.CTC_FISHWorklow"/>
  <testcase name="CellCepProcessingActivityTitle" time="5.851" classname="biocept.qa.testcases.CTC_FISHWorklow"/>
  <testcase name="OrderHistoryWorklist" time="10.704" classname="biocept.qa.testcases.CTC_FISHWorklow"/>
  <testcase name="CellSepBatchingActivityTitle" time="7.932" classname="biocept.qa.testcases.CTC_FISHWorklow"/>
  <testcase name="SignoffTheReportForNewVersion" time="27.619" classname="biocept.qa.testcases.CTC_FISHWorklow"/>
  <testcase name="SignoffReportFromPhysicianPortal" time="51.354" classname="biocept.qa.testcases.CTC_FISHWorklow"/>
  <testcase name="FISHAutobatchedworklist" time="7.700" classname="biocept.qa.testcases.CTC_FISHWorklow"/>
  <testcase name="BioviewScanData" time="11.027" classname="biocept.qa.testcases.CTC_FISHWorklow"/>
  <testcase name="ReopenConfirmationPopupOnCompletedWorklist" time="6.289" classname="biocept.qa.testcases.CTC_FISHWorklow"/>
  <testcase name="EnumerationImageReview" time="164.552" classname="biocept.qa.testcases.CTC_FISHWorklow"/>
  <testcase name="TechOnlyProfessionalInterpretation" time="8.107" classname="biocept.qa.testcases.CTC_FISHWorklow"/>
  <testcase name="CTC_FISH_SampleTraveler" time="0.014" classname="biocept.qa.testcases.CTC_FISHWorklow"/>
  <testcase name="EnumerationImageReviewActivityTitle" time="8.277" classname="biocept.qa.testcases.CTC_FISHWorklow"/>
  <testcase name="AccesstionType" time="1.004" classname="biocept.qa.testcases.CTC_FISHWorklow"/>
  <testcase name="ConfirmationOnTechOnlyPI" time="1.393" classname="biocept.qa.testcases.CTC_FISHWorklow"/>
  <testcase name="CellSepBatching" time="7.546" classname="biocept.qa.testcases.CTC_FISHWorklow"/>
  <testcase name="DownloadPlasmaCSV" time="0.036" classname="biocept.qa.testcases.CTC_FISHWorklow"/>
  <testcase name="CTC_FISH_ScoreSheet" time="0.010" classname="biocept.qa.testcases.CTC_FISHWorklow"/>
  <testcase name="FISHResultsSummaryActivityTitle" time="6.906" classname="biocept.qa.testcases.CTC_FISHWorklow"/>
  <testcase name="PhysicianPortalLogin" time="5.855" classname="biocept.qa.testcases.CTC_FISHWorklow"/>
  <testcase name="PatientNameOnBarcodePage" time="0.852" classname="biocept.qa.testcases.CTC_FISHWorklow"/>
  <testcase name="FISHAutobatchedworklistActivityTitle" time="7.532" classname="biocept.qa.testcases.CTC_FISHWorklow"/>
  <testcase name="PIActivityTitle" time="10.194" classname="biocept.qa.testcases.CTC_FISHWorklow"/>
  <testcase name="ReportVersionSelectionPopUp" time="10.090" classname="biocept.qa.testcases.CTC_FISHWorklow"/>
  <testcase name="FISHReloAnalysis" time="5.819" classname="biocept.qa.testcases.CTC_FISHWorklow"/>
  <testcase name="MEMSProcessing" time="7.825" classname="biocept.qa.testcases.CTC_FISHWorklow"/>
  <testcase name="ActivityTitleAfterReOpen" time="3.769" classname="biocept.qa.testcases.CTC_FISHWorklow"/>
  <testcase name="PlaceNewOrder" time="66.599" classname="biocept.qa.testcases.CTC_FISHWorklow"/>
  <testcase name="MEMSProcessingActivityTitle" time="8.038" classname="biocept.qa.testcases.CTC_FISHWorklow"/>
  <testcase name="FISHReloAnalysisActivityTitle" time="7.474" classname="biocept.qa.testcases.CTC_FISHWorklow"/>
  <testcase name="FishReviewApproveTitle" time="5.417" classname="biocept.qa.testcases.CTC_FISHWorklow"/>
  <testcase name="dashboard" time="0.062" classname="biocept.qa.testcases.CTC_FISHWorklow"/>
  <testcase name="CTCICCResultsSummaryActivityTitle" time="10.088" classname="biocept.qa.testcases.CTC_FISHWorklow"/>
  <testcase name="GoBacktoPhysicianPortalButton" time="10.472" classname="biocept.qa.testcases.CTC_FISHWorklow"/>
  <testcase name="BioviewScanDataActivityTitle" time="7.948" classname="biocept.qa.testcases.CTC_FISHWorklow"/>
  <testcase name="MemsBatching" time="6.930" classname="biocept.qa.testcases.CTC_FISHWorklow"/>
  <testcase name="QAReportingWorklist" time="11.990" classname="biocept.qa.testcases.CTC_FISHWorklow"/>
  <testcase name="QC_CompleteButtonOnProfessionalInterpretation" time="15.491" classname="biocept.qa.testcases.CTC_FISHWorklow"/>
  <testcase name="UploadAccessionImagesPageTitle" time="24.765" classname="biocept.qa.testcases.CTC_FISHWorklow"/>
</testsuite> <!-- biocept.qa.testcases.CTC_FISHWorklow -->
